<?xml version="1.0" encoding="UTF-8"?>
<!-- Generated by org.testng.reporters.JUnitXMLReporter -->
<testsuite ignored="0" hostname="LAPTOP-E8M4K11U" failures="0" tests="4" name="Default test" time="12.228" errors="0" timestamp="2023-05-03T01:33:34 IST">
  <testcase classname="tests.Ddtest2" name="testPostUser" time="4.206"/>
  <testcase classname="tests.Ddtest2" name="testPostUser" time="1.735"/>
  <testcase classname="tests.Ddtest2" name="testGetUser" time="2.025"/>
  <testcase classname="tests.Ddtest2" name="testGetUser" time="2.146"/>
</testsuite> <!-- Default test -->
