<?xml version="1.0" encoding="UTF-8"?>
<!-- Generated by org.testng.reporters.JUnitXMLReporter -->
<testsuite ignored="0" hostname="LAPTOP-E8M4K11U" failures="0" tests="4" name="Test" time="12.166" errors="0" timestamp="2023-05-02T18:03:03 IST">
  <testcase classname="tests.Usertest" name="testPostUser" time="4.452"/>
  <testcase classname="tests.Usertest" name="testGetUser" time="1.629"/>
  <testcase classname="tests.Usertest" name="testUpdateUser" time="3.668"/>
  <testcase classname="tests.Usertest" name="testDeleteUser" time="1.635"/>
</testsuite> <!-- Test -->
