<?xml version="1.0" encoding="UTF-8"?>
<!-- Generated by org.testng.reporters.JUnitXMLReporter -->
<testsuite ignored="0" hostname="LAPTOP-E8M4K11U" failures="0" tests="4" name="Test" time="15.596" errors="0" timestamp="2023-05-03T01:52:01 IST">
  <testcase classname="tests.Usertest" name="testPostUser" time="4.822"/>
  <testcase classname="tests.Usertest" name="testGetUser" time="1.999"/>
  <testcase classname="tests.Usertest" name="testUpdateUser" time="5.413"/>
  <testcase classname="tests.Usertest" name="testDeleteUser" time="1.94"/>
</testsuite> <!-- Test -->
