<?xml version="1.0" encoding="UTF-8"?>
<testsuite xmlns:xsi="http://www.w3.org/2001/XMLSchema-instance" xsi:noNamespaceSchemaLocation="https://maven.apache.org/surefire/maven-surefire-plugin/xsd/surefire-test-report-3.0.xsd" version="3.0" name="TestSuite" time="16.81" tests="4" errors="0" skipped="0" failures="0">
  <properties>
[...]
</properties>
  <testcase name="testPostUser" classname="tests.Usertest" time="4.845">
    <system-out><![CDATA[{
    "code": 200,
    "type": "unknown",
    "message": "502838712"
}
200
{"code":200,"type":"unknown","message":"502838712"}
]]></system-out>
    <system-err><![CDATA[SLF4J: Failed to load class "org.slf4j.impl.StaticLoggerBinder".
SLF4J: Defaulting to no-operation (NOP) logger implementation
SLF4J: See http://www.slf4j.org/codes.html#StaticLoggerBinder for further details.
]]></system-err>
  </testcase>
  <testcase name="testGetUser" classname="tests.Usertest" time="2.01">
    <system-out><![CDATA[HTTP/1.1 200 OK
Date: Tue, 02 May 2023 20:21:52 GMT
Content-Type: application/json
Transfer-Encoding: chunked
Connection: keep-alive
Access-Control-Allow-Origin: *
Access-Control-Allow-Methods: GET, POST, DELETE, PUT
Access-Control-Allow-Headers: Content-Type, api_key, Authorization
Server: Jetty(9.2.9.v20150224)

{
    "id": 502838712,
    "username": "mitchel.upton",
    "email": "duane.auer@hotmail.com",
    "password": "6p4q9bar4to",
    "phone": "199-176-5606",
    "userStatus": 0
}
]]></system-out>
  </testcase>
  <testcase name="testUpdateUser" classname="tests.Usertest" time="5.403">
    <system-out><![CDATA[{
    "code": 200,
    "type": "unknown",
    "message": "502838712"
}
{
    "id": 502838712,
    "username": "mitchel.upton",
    "email": "georgine.ferry@gmail.com",
    "password": "6p4q9bar4to",
    "phone": "199-176-5606",
    "userStatus": 0
}
]]></system-out>
  </testcase>
  <testcase name="testDeleteUser" classname="tests.Usertest" time="1.948">
    <system-out><![CDATA[{
    "code": 200,
    "type": "unknown",
    "message": "mitchel.upton"
}
]]></system-out>
  </testcase>
</testsuite>