<?xml version="1.0" encoding="UTF-8"?>
<testng-results ignored="0" total="2" passed="2" failed="0" skipped="0">
  <reporter-output>
  </reporter-output>
  <suite started-at="2023-05-01T23:28:44 IST" name="Default suite" finished-at="2023-05-01T23:28:51 IST" duration-ms="7109">
    <groups>
    </groups>
    <test started-at="2023-05-01T23:28:44 IST" name="Default test" finished-at="2023-05-01T23:28:51 IST" duration-ms="7109">
      <class name="tests.Ddtest">
        <test-method signature="testPostUser(java.lang.String,java.lang.String,java.lang.String,java.lang.String,java.lang.String,java.lang.String,java.lang.String)[pri:1, instance:tests.Ddtest@3e11f9e9]" started-at="2023-05-01T23:28:45 IST" name="testPostUser" data-provider="getData" finished-at="2023-05-01T23:28:49 IST" duration-ms="3704" status="PASS">
          <params>
            <param index="0">
              <value>
                <![CDATA[1010]]>
              </value>
            </param>
            <param index="1">
              <value>
                <![CDATA[asmita1]]>
              </value>
            </param>
            <param index="2">
              <value>
                <![CDATA[asmita]]>
              </value>
            </param>
            <param index="3">
              <value>
                <![CDATA[katkar]]>
              </value>
            </param>
            <param index="4">
              <value>
                <![CDATA[asmita3317@gmail.com]]>
              </value>
            </param>
            <param index="5">
              <value>
                <![CDATA[123456987]]>
              </value>
            </param>
            <param index="6">
              <value>
                <![CDATA[7738991822]]>
              </value>
            </param>
          </params>
          <reporter-output>
          </reporter-output>
        </test-method> <!-- testPostUser -->
        <test-method signature="testPostUser(java.lang.String,java.lang.String,java.lang.String,java.lang.String,java.lang.String,java.lang.String,java.lang.String)[pri:1, instance:tests.Ddtest@3e11f9e9]" started-at="2023-05-01T23:28:49 IST" name="testPostUser" data-provider="getData" finished-at="2023-05-01T23:28:51 IST" duration-ms="1637" status="PASS">
          <params>
            <param index="0">
              <value>
                <![CDATA[1111]]>
              </value>
            </param>
            <param index="1">
              <value>
                <![CDATA[abhijit1]]>
              </value>
            </param>
            <param index="2">
              <value>
                <![CDATA[abhijit]]>
              </value>
            </param>
            <param index="3">
              <value>
                <![CDATA[katkar]]>
              </value>
            </param>
            <param index="4">
              <value>
                <![CDATA[abhijit3317@gmail.com]]>
              </value>
            </param>
            <param index="5">
              <value>
                <![CDATA[2365987456]]>
              </value>
            </param>
            <param index="6">
              <value>
                <![CDATA[9699252012]]>
              </value>
            </param>
          </params>
          <reporter-output>
          </reporter-output>
        </test-method> <!-- testPostUser -->
      </class> <!-- tests.Ddtest -->
    </test> <!-- Default test -->
  </suite> <!-- Default suite -->
</testng-results>
